[23:47:52] [ServerMain/INFO]: Environment: Environment[sessionHost=https://sessionserver.mojang.com, servicesHost=https://api.minecraftservices.com, name=PROD]
[23:47:54] [ServerMain/INFO]: Loaded 1290 recipes
[23:47:55] [ServerMain/INFO]: Loaded 1399 advancements
[23:47:55] [Server thread/INFO]: Starting minecraft server version 1.21
[23:47:55] [Server thread/INFO]: Loading properties
[23:47:55] [Server thread/INFO]: Default game type: SURVIVAL
[23:47:55] [Server thread/INFO]: Generating keypair
[23:47:55] [Server thread/INFO]: Starting Minecraft server on *:25565
[23:47:55] [Server thread/INFO]: Using epoll channel type
[23:47:56] [Server thread/WARN]: **** SERVER IS RUNNING IN OFFLINE/INSECURE MODE!
[23:47:56] [Server thread/WARN]: The server will make no attempt to authenticate usernames. Beware.
[23:47:56] [Server thread/WARN]: While this makes the game possible to play without internet access, it also opens up the ability for hackers to connect with any username they choose.
[23:47:56] [Server thread/WARN]: To change this, set "online-mode" to "true" in the server.properties file.
[23:47:56] [Server thread/INFO]: Preparing level "world"
[23:48:00] [Server thread/INFO]: Preparing start region for dimension minecraft:overworld
[23:48:00] [Worker-Main-1/INFO]: Preparing spawn area: 0%
[23:48:01] [Worker-Main-1/INFO]: Preparing spawn area: 26%
[23:48:01] [Server thread/INFO]: Time elapsed: 675 ms
[23:48:01] [Server thread/INFO]: Done (5.109s)! For help, type "help"
[23:48:15] [Server thread/INFO]: Unknown or incomplete command, see below for error
[23:48:15] [Server thread/INFO]: <--[HERE]
[23:48:15] [Server thread/INFO]: Unknown or incomplete command, see below for error
[23:48:15] [Server thread/INFO]: <--[HERE]
[23:48:26] [Server thread/INFO]: NicolasRamosR[/127.177.145.155:42461] logged in with entity id 4 at (-261.69999998807907, 90.0, 685.6086221553485)
[23:48:26] [Server thread/INFO]: NicolasRamosR joined the game
